\BOOKMARK [0][-]{chapter.1}{\376\377\000G\000I\036\332\000I\000\040\000T\000H\000I\036\306\000U\000\040\000C\000H\000U\000N\000G}{}% 1
\BOOKMARK [1][-]{section.1.1}{\376\377\001\020\036\267\000t\000\040\000v\036\245\000n\000\040\001\021\036\301\000\040\000v\000\340\000\040\000b\036\321\000i\000\040\000c\036\243\000n\000h}{chapter.1}% 2
\BOOKMARK [1][-]{section.1.2}{\376\377\000T\000\355\000n\000h\000\040\000c\036\245\000p\000\040\000t\000h\000i\036\277\000t\000\040\000c\036\347\000a\000\040\001\021\036\301\000\040\000t\000\340\000i}{chapter.1}% 3
\BOOKMARK [1][-]{section.1.3}{\376\377\000M\036\345\000c\000\040\000t\000i\000\352\000u\000\040\000n\000g\000h\000i\000\352\000n\000\040\000c\036\351\000u}{chapter.1}% 4
\BOOKMARK [1][-]{section.1.4}{\376\377\001\020\036\321\000i\000\040\000t\001\260\036\343\000n\000g\000\040\000v\000\340\000\040\000p\000h\036\241\000m\000\040\000v\000i\000\040\000n\000g\000h\000i\000\352\000n\000\040\000c\036\351\000u}{chapter.1}% 5
\BOOKMARK [1][-]{section.1.5}{\376\377\000P\000h\001\260\001\241\000n\000g\000\040\000p\000h\000\341\000p\000\040\000n\000g\000h\000i\000\352\000n\000\040\000c\036\351\000u}{chapter.1}% 6
\BOOKMARK [1][-]{section.1.6}{\376\377\000N\000h\036\357\000n\000g\000\040\001\021\000\363\000n\000g\000\040\000g\000\363\000p\000\040\000c\000h\000\355\000n\000h\000\040\000c\036\347\000a\000\040\000b\000\341\000o\000\040\000c\000\341\000o}{chapter.1}% 7
\BOOKMARK [1][-]{section.1.7}{\376\377\000B\036\321\000\040\000c\036\345\000c\000\040\000b\000\341\000o\000\040\000c\000\341\000o}{chapter.1}% 8
\BOOKMARK [0][-]{chapter.2}{\376\377\000C\001\240\000\040\000S\036\336\000\040\000V\036\300\000\040\001\020\000I\036\306\000N\000\040\000T\000I\000M\000\040\000T\000H\000A\000I\000\040\000V\000\300\000\040\000T\000H\000E\000O\000\040\000D\000\325\000I\000\040\000T\000H\000A\000I\000\040\000N\000H\000I}{}% 9
\BOOKMARK [1][-]{section.2.1}{\376\377\000G\000i\036\333\000i\000\040\000t\000h\000i\036\307\000u\000\040\000c\000h\001\260\001\241\000n\000g}{chapter.2}% 10
\BOOKMARK [1][-]{section.2.2}{\376\377\000N\000g\000u\000y\000\352\000n\000\040\000l\000\375\000\040\000v\000\340\000\040\001\021\036\267\000c\000\040\000t\000\355\000n\000h\000\040\000t\000\355\000n\000\040\000h\000i\036\307\000u\000\040\000E\000C\000G\000/\000f\000E\000C\000G}{chapter.2}% 11
\BOOKMARK [1][-]{section.2.3}{\376\377\000\335\000\040\000n\000g\000h\001\051\000a\000\040\000l\000\342\000m\000\040\000s\000\340\000n\000g\000\040\000c\036\347\000a\000\040\000t\000h\000e\000o\000\040\000d\000\365\000i\000\040\000t\000i\000m\000\040\000t\000h\000a\000i}{chapter.2}% 12
\BOOKMARK [1][-]{section.2.4}{\376\377\000C\000\341\000c\000\040\000p\000h\001\260\001\241\000n\000g\000\040\000t\000h\036\351\000c\000\040\000t\000h\000e\000o\000\040\000d\000\365\000i\000\040\000t\000h\000a\000i}{chapter.2}% 13
\BOOKMARK [1][-]{section.2.5}{\376\377\000T\036\325\000n\000g\000\040\000q\000u\000a\000n\000\040\000t\000h\000i\036\277\000t\000\040\000b\036\313\000\040\000f\000E\000C\000G\000\040\000t\000h\001\260\001\241\000n\000g\000\040\000m\036\241\000i}{chapter.2}% 14
\BOOKMARK [1][-]{section.2.6}{\376\377\000K\036\277\000t\000\040\000l\000u\036\255\000n\000\040\000c\000h\001\260\001\241\000n\000g}{chapter.2}% 15
\BOOKMARK [0][-]{chapter.3}{\376\377\000T\036\324\000N\000G\000\040\000Q\000U\000A\000N\000\040\000C\000\301\000C\000\040\000P\000H\001\257\001\240\000N\000G\000\040\000P\000H\000\301\000P\000\040\000T\000\301\000C\000H\000\040\000f\000E\000C\000G\000\040\000K\000H\000\324\000N\000G\000\040\000X\000\302\000M\000\040\000L\036\244\000N}{}% 16
\BOOKMARK [1][-]{section.3.1}{\376\377\000G\000i\036\333\000i\000\040\000t\000h\000i\036\307\000u\000\040\000c\000h\001\260\001\241\000n\000g}{chapter.3}% 17
\BOOKMARK [1][-]{section.3.2}{\376\377\000N\000h\000\363\000m\000\040\000p\000h\001\260\001\241\000n\000g\000\040\000p\000h\000\341\000p\000\040\000c\036\325\000\040\001\021\000i\036\303\000n}{chapter.3}% 18
\BOOKMARK [2][-]{subsection.3.2.1}{\376\377\000B\036\321\000i\000\040\000c\036\243\000n\000h\000\040\000v\000\340\000\040\000v\000a\000i\000\040\000t\000r\000\362\000\040\000c\036\347\000a\000\040\000t\000i\036\301\000n\000\040\000x\036\355\000\040\000l\000\375}{section.3.2}% 19
\BOOKMARK [2][-]{subsection.3.2.2}{\376\377\000N\000h\000\363\000m\000\040\000p\000h\001\260\001\241\000n\000g\000\040\000p\000h\000\341\000p\000\040\000l\036\315\000c\000\040\000\050\000F\000i\000l\000t\000e\000r\000i\000n\000g\000-\000b\000a\000s\000e\000d\000\051}{section.3.2}% 20
\BOOKMARK [2][-]{subsection.3.2.3}{\376\377\000N\000h\000\363\000m\000\040\000p\000h\001\260\001\241\000n\000g\000\040\000p\000h\000\341\000p\000\040\000t\000\341\000c\000h\000\040\000n\000g\000u\036\323\000n\000\040\000m\000\371\000\040\000\050\000B\000l\000i\000n\000d\000\040\000S\000o\000u\000r\000c\000e\000\040\000S\000e\000p\000a\000r\000a\000t\000i\000o\000n\000\040\040\023\000\040\000B\000S\000S\000\051}{section.3.2}% 21
\BOOKMARK [2][-]{subsection.3.2.4}{\376\377\000N\000h\000\363\000m\000\040\000p\000h\001\260\001\241\000n\000g\000\040\000p\000h\000\341\000p\000\040\000k\000h\036\355\000\040\000m\000E\000C\000G\000\040\000t\000h\000e\000o\000\040\000m\036\253\000u\000\040\000\050\000T\000e\000m\000p\000l\000a\000t\000e\000\040\000S\000u\000b\000t\000r\000a\000c\000t\000i\000o\000n\000\040\040\023\000\040\000T\000S\000\051}{section.3.2}% 22
\BOOKMARK [2][-]{subsection.3.2.5}{\376\377\000K\036\277\000t\000\040\000h\036\343\000p\000\040\000T\000S\000\040\000v\000\340\000\040\000I\000C\000A\000\040\000\050\000H\000y\000b\000r\000i\000d\000\040\000T\000S\040\023\000I\000C\000A\000\051}{section.3.2}% 23
\BOOKMARK [2][-]{subsection.3.2.6}{\376\377\000N\000h\036\255\000n\000\040\000x\000\351\000t\000\040\000c\000h\000u\000n\000g\000\040\000v\036\301\000\040\000g\000i\036\333\000i\000\040\000h\036\241\000n\000\040\000c\036\347\000a\000\040\000c\000\341\000c\000\040\000p\000h\001\260\001\241\000n\000g\000\040\000p\000h\000\341\000p\000\040\000c\036\325\000\040\001\021\000i\036\303\000n}{section.3.2}% 24
\BOOKMARK [1][-]{section.3.3}{\376\377\000N\000h\000\363\000m\000\040\000p\000h\001\260\001\241\000n\000g\000\040\000p\000h\000\341\000p\000\040\000h\036\315\000c\000\040\000s\000\342\000u}{chapter.3}% 25
\BOOKMARK [2][-]{subsection.3.3.1}{\376\377\000N\000h\000\363\000m\000\040\000m\000\364\000\040\000h\000\354\000n\000h\000\040\000C\000N\000N\000\040\000c\000h\000o\000\040\000f\000Q\000R\000S\000\040\000d\000e\000t\000e\000c\000t\000i\000o\000n\000\040\000v\000\340\000/\000h\000o\036\267\000c\000\040\000t\000r\000\355\000c\000h\000\040\000d\036\241\000n\000g\000\040\000s\000\363\000n\000g\000\040\000f\000E\000C\000G}{section.3.3}% 26
\BOOKMARK [2][-]{subsection.3.3.2}{\376\377\000N\000h\000\363\000m\000\040\000m\000\364\000\040\000h\000\354\000n\000h\000\040\000R\000N\000N\000\040\000\050\000L\000S\000T\000M\000/\000G\000R\000U\000\051\000\040\000c\000h\000o\000\040\000p\000h\036\345\000\040\000t\000h\000u\036\331\000c\000\040\000t\000h\036\335\000i\000\040\000g\000i\000a\000n}{section.3.3}% 27
\BOOKMARK [2][-]{subsection.3.3.3}{\376\377\000N\000h\000\363\000m\000\040\000m\000\364\000\040\000h\000\354\000n\000h\000\040\000l\000a\000i\000\040\000C\000N\000N\040\023\000R\000N\000N}{section.3.3}% 28
\BOOKMARK [2][-]{subsection.3.3.4}{\376\377\000N\000h\000\363\000m\000\040\000m\000\364\000\040\000h\000\354\000n\000h\000\040\000s\000i\000n\000h\000\040\000\050\000G\000A\000N\000/\000C\000y\000c\000l\000e\000G\000A\000N\000\051\000\040\000h\001\260\036\333\000n\000g\000\040\000t\036\333\000i\000\040\000k\000h\000\364\000i\000\040\000p\000h\036\345\000c\000\040\000d\036\241\000n\000g\000\040\000s\000\363\000n\000g\000\040\000v\000\340\000\040\000b\036\243\000o\000\040\000t\000o\000\340\000n\000\040\000m\000o\000r\000p\000h\000o\000l\000o\000g\000y}{section.3.3}% 29
\BOOKMARK [2][-]{subsection.3.3.5}{\376\377\000N\000h\000\363\000m\000\040\000A\000u\000t\000o\000e\000n\000c\000o\000d\000e\000r\000\040\000v\000\340\000\040\000h\036\315\000\040\000U\000-\000N\000e\000t\000/\000U\000N\000e\000t\000+\000+\000/\000U\000N\000e\000t\0003\000+\000\040\000c\000h\000o\000\040\000b\000\340\000i\000\040\000t\000o\000\341\000n\000\040\000t\000r\000\355\000c\000h\000\040\000d\036\241\000n\000g\000\040\000s\000\363\000n\000g\000\040\000f\000E\000C\000G}{section.3.3}% 30
\BOOKMARK [1][-]{section.3.4}{\376\377\000N\000h\036\255\000n\000\040\000x\000\351\000t\000,\000\040\000k\000h\000o\036\243\000n\000g\000\040\000t\000r\036\321\000n\000g\000\040\000n\000g\000h\000i\000\352\000n\000\040\000c\036\351\000u\000\040\000v\000\340\000\040\001\021\036\313\000n\000h\000\040\000v\036\313\000\040\001\021\036\301\000\040\000t\000\340\000i}{chapter.3}% 31
\BOOKMARK [1][-]{section.3.5}{\376\377\000K\036\277\000t\000\040\000l\000u\036\255\000n\000\040\000c\000h\001\260\001\241\000n\000g}{chapter.3}% 32
\BOOKMARK [0][-]{chapter.4}{\376\377\000C\001\240\000\040\000S\036\336\000\040\000L\000\335\000\040\000T\000H\000U\000Y\036\276\000T\000\040\000H\036\314\000C\000\040\000S\000\302\000U}{}% 33
\BOOKMARK [1][-]{section.4.1}{\376\377\000G\000i\036\333\000i\000\040\000t\000h\000i\036\307\000u\000\040\000c\000h\001\260\001\241\000n\000g}{chapter.4}% 34
\BOOKMARK [1][-]{section.4.2}{\376\377\000M\036\241\000n\000g\000\040\000n\001\241\000-\000r\000o\000n\000\040\000v\000\340\000\040\000k\000h\036\321\000i\000\040\000M\000L\000P\000/\000F\000F\000N}{chapter.4}% 35
\BOOKMARK [1][-]{section.4.3}{\376\377\000T\000\355\000c\000h\000\040\000c\000h\036\255\000p\000\040\0001\000D\000\040\000\050\000C\000N\000N\000\051\000\040\000c\000h\000o\000\040\000t\000\355\000n\000\040\000h\000i\036\307\000u\000\040\000t\000h\036\335\000i\000\040\000g\000i\000a\000n}{chapter.4}% 36
\BOOKMARK [1][-]{section.4.4}{\376\377\000C\001\241\000\040\000c\000h\036\277\000\040\000A\000t\000t\000e\000n\000t\000i\000o\000n\000\040\000v\000\340\000\040\000T\000r\000a\000n\000s\000f\000o\000r\000m\000e\000r\000\040\000e\000n\000c\000o\000d\000e\000r}{chapter.4}% 37
\BOOKMARK [1][-]{section.4.5}{\376\377\000K\000i\036\277\000n\000\040\000t\000r\000\372\000c\000\040\000U\000-\000N\000e\000t\000\040\000v\000\340\000\040\000U\000N\000E\000T\000R}{chapter.4}% 38
\BOOKMARK [1][-]{section.4.6}{\376\377\000K\000o\000l\000m\000o\000g\000o\000r\000o\000v\040\023\000A\000r\000n\000o\000l\000d\000\040\000N\000e\000t\000w\000o\000r\000k\000s\000\040\000\050\000K\000A\000N\000\051}{chapter.4}% 39
\BOOKMARK [1][-]{section.4.7}{\376\377\000H\000\340\000m\000\040\000m\036\245\000t\000\040\000m\000\341\000t\000\040\000c\000h\000o\000\040\000h\036\323\000i\000\040\000q\000u\000y\000\040\000t\000\355\000n\000\040\000h\000i\036\307\000u}{chapter.4}% 40
\BOOKMARK [2][-]{subsection.4.7.1}{\376\377\000H\000\340\000m\000\040\000m\036\245\000t\000\040\000m\000\341\000t\000\040\000H\000u\000b\000e\000r\000\040\000\050\000H\000u\000b\000e\000r\000\040\000L\000o\000s\000s\000\051}{section.4.7}% 41
\BOOKMARK [1][-]{section.4.8}{\376\377\000K\036\277\000t\000\040\000l\000u\036\255\000n\000\040\000c\000h\001\260\001\241\000n\000g}{chapter.4}% 42
\BOOKMARK [0][-]{chapter.5}{\376\377\000M\000\324\000\040\000H\000\314\000N\000H\000\040\001\020\036\300\000\040\000X\000U\036\244\000T\000\040\000K\000A\000N\000-\000W\000N\000E\000T\000R}{}% 43
\BOOKMARK [1][-]{section.5.1}{\376\377\000G\000i\036\333\000i\000\040\000t\000h\000i\036\307\000u\000\040\000c\000h\001\260\001\241\000n\000g\000\040\000v\000\340\000\040\000\375\000\040\000t\001\260\036\337\000n\000g\000\040\000t\036\325\000n\000g\000\040\000t\000h\036\303}{chapter.5}% 44
\BOOKMARK [1][-]{section.5.2}{\376\377\000K\000i\036\277\000n\000\040\000t\000r\000\372\000c\000\040\000n\036\301\000n\000\040\000W\000-\000N\000E\000T\000R}{chapter.5}% 45
\BOOKMARK [1][-]{section.5.3}{\376\377\000K\000A\000N\000-\000V\000i\000T\000:\000\040\000t\000h\000a\000y\000\040\000M\000L\000P\000/\000F\000F\000N\000\040\000b\036\261\000n\000g\000\040\000K\000A\000N\000\040\000t\000r\000o\000n\000g\000\040\000e\000n\000c\000o\000d\000e\000r\000\040\000b\000l\000o\000c\000k}{chapter.5}% 46
\BOOKMARK [1][-]{section.5.4}{\376\377\000T\000\355\000c\000h\000\040\000h\036\343\000p\000\040\000K\000A\000N\000\040\000v\000\340\000o\000\040\000W\000-\000N\000E\000T\000R\000:\000\040\000k\000i\036\277\000n\000\040\000t\000r\000\372\000c\000\040\000K\000A\000N\000-\000W\000N\000E\000T\000R}{chapter.5}% 47
\BOOKMARK [1][-]{section.5.5}{\376\377\000P\000h\000\342\000n\000\040\000t\000\355\000c\000h\000\040\000t\000h\000i\036\277\000t\000\040\000k\036\277\000\040\000v\000\340\000\040\000k\036\363\000\040\000v\036\315\000n\000g}{chapter.5}% 48
\BOOKMARK [1][-]{section.5.6}{\376\377\000T\036\325\000n\000g\000\040\000h\036\343\000p\000\040\001\021\000\363\000n\000g\000\040\000g\000\363\000p\000\040\000k\000i\036\277\000n\000\040\000t\000r\000\372\000c}{chapter.5}% 49
\BOOKMARK [1][-]{section.5.7}{\376\377\000K\036\277\000t\000\040\000l\000u\036\255\000n\000\040\000c\000h\001\260\001\241\000n\000g}{chapter.5}% 50
\BOOKMARK [0][-]{chapter.6}{\376\377\000D\036\356\000\040\000L\000I\036\306\000U\000,\000\040\000T\000I\036\300\000N\000\040\000X\036\354\000\040\000L\000\335\000\040\000V\000\300\000\040\000T\000H\000I\036\276\000T\000\040\000L\036\254\000P\000\040\000T\000H\036\360\000C\000\040\000N\000G\000H\000I\036\306\000M}{}% 51
\BOOKMARK [1][-]{section.6.1}{\376\377\000G\000i\036\333\000i\000\040\000t\000h\000i\036\307\000u\000\040\000c\000h\001\260\001\241\000n\000g}{chapter.6}% 52
\BOOKMARK [1][-]{section.6.2}{\376\377\000B\036\331\000\040\000d\036\357\000\040\000l\000i\036\307\000u\000\040\000F\000E\000C\000G\000S\000Y\000N\000D\000B}{chapter.6}% 53
\BOOKMARK [1][-]{section.6.3}{\376\377\000C\000h\000i\036\277\000n\000\040\000l\001\260\036\343\000c\000\040\000c\000h\000i\000a\000\040\000d\036\357\000\040\000l\000i\036\307\000u}{chapter.6}% 54
\BOOKMARK [1][-]{section.6.4}{\376\377\000T\000i\036\301\000n\000\040\000x\036\355\000\040\000l\000\375}{chapter.6}% 55
\BOOKMARK [2][-]{subsection.6.4.1}{\376\377\000T\000i\036\301\000n\000\040\000x\036\355\000\040\000l\000\375\000\040\000d\036\357\000\040\000l\000i\036\307\000u}{section.6.4}% 56
\BOOKMARK [1][-]{section.6.5}{\376\377\000P\000h\000\341\000t\000\040\000h\000i\036\307\000n\000\040\000Q\000R\000S}{chapter.6}% 57
\BOOKMARK [1][-]{section.6.6}{\376\377\000C\000h\036\311\000\040\000s\036\321\000\040\001\021\000\341\000n\000h\000\040\000g\000i\000\341}{chapter.6}% 58
\BOOKMARK [2][-]{subsection.6.6.1}{\376\377\000N\000h\000\363\000m\000\040\000c\000h\036\311\000\040\000s\036\321\000\040\000p\000h\000\341\000t\000\040\000h\000i\036\307\000n\000\040\000f\000E\000C\000G\000\040\000\050\000P\000r\000e\000c\000i\000s\000i\000o\000n\000/\000R\000e\000c\000a\000l\000l\000/\000F\0001\000/\000A\000c\000c\000u\000r\000a\000c\000y\000\051}{section.6.6}% 59
\BOOKMARK [2][-]{subsection.6.6.2}{\376\377\000N\000h\000\363\000m\000\040\000c\000h\036\311\000\040\000s\036\321\000\040\000c\000h\036\245\000t\000\040\000l\001\260\036\343\000n\000g\000\040\000t\000\355\000n\000\040\000h\000i\036\307\000u\000\040\000\050\000P\000S\000N\000R\000/\000S\000S\000I\000M\000/\000M\000S\000E\000\051}{section.6.6}% 60
\BOOKMARK [2][-]{subsection.6.6.3}{\376\377\000S\000a\000i\000\040\000s\036\321\000\040\001\260\036\333\000c\000\040\000l\001\260\036\343\000n\000g\000\040\000n\000h\036\313\000p\000\040\000t\000i\000m\000\040\000t\000h\000a\000i\000\040\000\050\000F\000H\000R\000\040\000e\000r\000r\000o\000r\000\051}{section.6.6}% 61
\BOOKMARK [1][-]{section.6.7}{\376\377\000C\036\245\000u\000\040\000h\000\354\000n\000h\000\040\000h\000u\036\245\000n\000\040\000l\000u\000y\036\307\000n}{chapter.6}% 62
\BOOKMARK [1][-]{section.6.8}{\376\377\000K\036\277\000t\000\040\000l\000u\036\255\000n\000\040\000c\000h\001\260\001\241\000n\000g}{chapter.6}% 63
\BOOKMARK [0][-]{chapter.7}{\376\377\000K\036\276\000T\000\040\000Q\000U\036\242\000\040\000T\000H\036\360\000C\000\040\000N\000G\000H\000I\036\306\000M\000\040\000V\000\300\000\040\001\020\000\301\000N\000H\000\040\000G\000I\000\301}{}% 64
\BOOKMARK [1][-]{section.7.1}{\376\377\000G\000i\036\333\000i\000\040\000t\000h\000i\036\307\000u\000\040\000c\000h\001\260\001\241\000n\000g}{chapter.7}% 65
\BOOKMARK [1][-]{section.7.2}{\376\377\000K\036\277\000t\000\040\000q\000u\036\243\000\040\001\021\036\313\000n\000h\000\040\000t\000\355\000n\000h}{chapter.7}% 66
\BOOKMARK [1][-]{section.7.3}{\376\377\000C\000h\036\245\000t\000\040\000l\001\260\036\343\000n\000g\000\040\000t\000\355\000n\000\040\000h\000i\036\307\000u\000\040\001\021\036\313\000n\000h\000\040\000l\001\260\036\343\000n\000g\000\040\000\050\000S\000S\000I\000M\000/\000P\000S\000N\000R\000\051}{chapter.7}% 67
\BOOKMARK [1][-]{section.7.4}{\376\377\000P\000h\000\341\000t\000\040\000h\000i\036\307\000n\000\040\000f\000Q\000R\000S\000\040\000v\000\340\000\040\001\260\036\333\000c\000\040\000l\001\260\036\343\000n\000g\000\040\000F\000H\000R}{chapter.7}% 68
\BOOKMARK [1][-]{section.7.5}{\376\377\000S\000o\000\040\000s\000\341\000n\000h\000\040\000v\036\333\000i\000\040\000S\000O\000T\000A}{chapter.7}% 69
\BOOKMARK [1][-]{section.7.6}{\376\377\000N\000g\000h\000i\000\352\000n\000\040\000c\036\351\000u\000\040\000l\000o\036\241\000i\000\040\000b\036\317\000\040\000\050\000a\000b\000l\000a\000t\000i\000o\000n\000\051\000:\000\040\000M\000L\000P\000-\000F\000F\000N\000\040\000v\000s\000\040\000K\000A\000N\000-\000F\000F\000N}{chapter.7}% 70
\BOOKMARK [1][-]{section.7.7}{\376\377\000P\000h\000\342\000n\000\040\000t\000\355\000c\000h\000\040\001\021\036\331\000\040\000p\000h\036\351\000c\000\040\000t\036\241\000p}{chapter.7}% 71
\BOOKMARK [1][-]{section.7.8}{\376\377\000B\000\340\000n\000\040\000l\000u\036\255\000n}{chapter.7}% 72
\BOOKMARK [1][-]{section.7.9}{\376\377\000K\036\277\000t\000\040\000l\000u\036\255\000n\000\040\000c\000h\001\260\001\241\000n\000g}{chapter.7}% 73
\BOOKMARK [0][-]{chapter.8}{\376\377\000T\000H\000I\036\276\000T\000\040\000K\036\276\000\040\000V\000\300\000\040\000T\000R\000I\036\302\000N\000\040\000K\000H\000A\000I\000\040\000H\036\306\000\040\000T\000H\036\320\000N\000G\000\040\000T\000H\000E\000O\000\040\000D\000\325\000I\000\040\000f\000E\000C\000G\000\040\000T\000H\036\334\000I\000\040\000G\000I\000A\000N\000\040\000T\000H\036\360\000C}{}% 74
\BOOKMARK [1][-]{section.8.1}{\376\377\000G\000i\036\333\000i\000\040\000t\000h\000i\036\307\000u\000\040\000c\000h\001\260\001\241\000n\000g\000\040\000v\000\340\000\040\000y\000\352\000u\000\040\000c\036\247\000u\000\040\000h\036\307\000\040\000t\000h\036\321\000n\000g}{chapter.8}% 75
\BOOKMARK [1][-]{section.8.2}{\376\377\000K\000i\036\277\000n\000\040\000t\000r\000\372\000c\000\040\000t\036\325\000n\000g\000\040\000q\000u\000a\000n}{chapter.8}% 76
\BOOKMARK [1][-]{section.8.3}{\376\377\000T\036\321\000i\000\040\001\260\000u\000\040\000m\000\364\000\040\000h\000\354\000n\000h\000\040\000c\000h\000o\000\040\000t\000h\000i\036\277\000t\000\040\000b\036\313\000\040\000b\000i\000\352\000n}{chapter.8}% 77
\BOOKMARK [2][-]{subsection.8.3.1}{\376\377\000X\000u\036\245\000t\000\040\001\021\036\313\000n\000h\000\040\000d\036\241\000n\000g\000\040\000O\000N\000N\000X}{section.8.3}% 78
\BOOKMARK [2][-]{subsection.8.3.2}{\376\377\000L\001\260\036\343\000n\000g\000\040\000t\036\355\000\040\000h\000\363\000a\000\040\000I\000N\000T\0008\000\040\001\021\036\331\000n\000g}{section.8.3}% 79
\BOOKMARK [2][-]{subsection.8.3.3}{\376\377\000C\036\245\000u\000\040\000h\000\354\000n\000h\000\040\000O\000N\000N\000X\000\040\000R\000u\000n\000t\000i\000m\000e\000\040\000v\000\340\000\040\001\021\000\341\000n\000h\000\040\000g\000i\000\341\000\040\000h\000i\036\307\000u\000\040\000n\001\003\000n\000g}{section.8.3}% 80
\BOOKMARK [1][-]{section.8.4}{\376\377\000P\000h\000\342\000n\000\040\000h\036\307\000\040\000t\000h\000u\000\040\000n\000h\036\255\000n\000\040\000v\000\340\000\040\000t\000h\000i\036\277\000t\000\040\000b\036\313\000\040\000\050\000R\000a\000s\000p\000b\000e\000r\000r\000y\000\040\000P\000i\000\040\0005\000\051}{chapter.8}% 81
\BOOKMARK [2][-]{subsection.8.4.1}{\376\377\000C\036\245\000u\000\040\000h\000\354\000n\000h\000\040\000p\000h\036\247\000n\000\040\000c\036\351\000n\000g}{section.8.4}% 82
\BOOKMARK [2][-]{subsection.8.4.2}{\376\377\000D\000r\000i\000v\000e\000r\000\040\000A\000D\000S\0001\0002\0009\0003\000\040\000q\000u\000a\000\040\000S\000P\000I\000\040\000p\000h\036\247\000n\000\040\000m\036\301\000m}{section.8.4}% 83
\BOOKMARK [2][-]{subsection.8.4.3}{\376\377\000X\036\355\000\040\000l\000\375\000\040\000t\000h\036\335\000i\000\040\000g\000i\000a\000n\000\040\000t\000h\036\361\000c\000\040\000v\036\333\000i\000\040\000b\036\331\000\040\001\021\036\307\000m\000\040\000v\000\362\000n\000g}{section.8.4}% 84
\BOOKMARK [2][-]{subsection.8.4.4}{\376\377\000G\000i\000a\000o\000\040\000d\000i\036\307\000n\000\040\000m\000o\000n\000i\000t\000o\000r\000\040\001\021\036\247\000u\000\040\000g\000i\001\260\036\335\000n\000g}{section.8.4}% 85
\BOOKMARK [2][-]{subsection.8.4.5}{\376\377\000C\001\241\000\040\000c\000h\036\277\000\040\000d\036\361\000\040\000p\000h\000\362\000n\000g}{section.8.4}% 86
\BOOKMARK [1][-]{section.8.5}{\376\377\000P\000h\000\342\000n\000\040\000h\036\307\000\040\000s\000e\000r\000v\000e\000r\000\040\000v\000\340\000\040\000p\000h\000\342\000n\000\040\000t\000\355\000c\000h\000\040\000l\000\342\000m\000\040\000s\000\340\000n\000g}{chapter.8}% 87
\BOOKMARK [2][-]{subsection.8.5.1}{\376\377\000G\000i\000a\000o\000\040\000t\000i\036\277\000p\000\040\000W\000e\000b\000S\000o\000c\000k\000e\000t\000\040\000v\000\340\000\040\000x\000\341\000c\000\040\000t\000h\036\361\000c\000\040\000t\000o\000k\000e\000n\000\040\000t\000h\000i\036\277\000t\000\040\000b\036\313}{section.8.5}% 88
\BOOKMARK [2][-]{subsection.8.5.2}{\376\377\001\257\036\333\000c\000\040\000l\001\260\036\343\000n\000g\000\040\000n\000h\036\313\000p\000\040\000t\000i\000m\000\040\000v\000\340\000\040\000c\000h\036\311\000\040\000s\036\321\000\040\000c\000h\036\245\000t\000\040\000l\001\260\036\343\000n\000g\000\040\000t\000\355\000n\000\040\000h\000i\036\307\000u}{section.8.5}% 89
\BOOKMARK [2][-]{subsection.8.5.3}{\376\377\000C\036\243\000n\000h\000\040\000b\000\341\000o\000\040\000l\000\342\000m\000\040\000s\000\340\000n\000g}{section.8.5}% 90
\BOOKMARK [2][-]{subsection.8.5.4}{\376\377\000L\001\260\000u\000\040\000t\000r\036\357\000\040\000v\000\340\000\040\000m\000\364\000\040\000h\000\354\000n\000h\000\040\000d\036\357\000\040\000l\000i\036\307\000u}{section.8.5}% 91
\BOOKMARK [1][-]{section.8.6}{\376\377\000P\000h\000\342\000n\000\040\000h\036\307\000\040\000g\000i\000a\000o\000\040\000d\000i\036\307\000n\000\040\000w\000e\000b\000\040\000c\000h\000o\000\040\000b\000\341\000c\000\040\000s\001\051}{chapter.8}% 92
\BOOKMARK [1][-]{section.8.7}{\376\377\000K\000i\036\303\000m\000\040\000t\000h\036\355\000\040\000v\000\340\000\040\001\021\000\341\000n\000h\000\040\000g\000i\000\341\000\040\000h\036\307\000\040\000t\000h\036\321\000n\000g}{chapter.8}% 93
\BOOKMARK [1][-]{section.8.8}{\376\377\000K\036\277\000t\000\040\000l\000u\036\255\000n\000\040\000c\000h\001\260\001\241\000n\000g}{chapter.8}% 94
\BOOKMARK [0][-]{chapter.9}{\376\377\000K\036\276\000T\000\040\000L\000U\036\254\000N\000\040\000V\000\300\000\040\000H\001\257\036\332\000N\000G\000\040\000P\000H\000\301\000T\000\040\000T\000R\000I\036\302\000N}{}% 95
\BOOKMARK [1][-]{section.9.1}{\376\377\000K\036\277\000t\000\040\000l\000u\036\255\000n}{chapter.9}% 96
\BOOKMARK [1][-]{section.9.2}{\376\377\000H\036\241\000n\000\040\000c\000h\036\277}{chapter.9}% 97
\BOOKMARK [1][-]{section.9.3}{\376\377\000H\001\260\036\333\000n\000g\000\040\000p\000h\000\341\000t\000\040\000t\000r\000i\036\303\000n}{chapter.9}% 98
\BOOKMARK [1][-]{section.9.4}{\376\377\000B\000\340\000i\000\040\000h\036\315\000c\000\040\000k\000i\000n\000h\000\040\000n\000g\000h\000i\036\307\000m}{chapter.9}% 99
\BOOKMARK [0][-]{section*.35}{\376\377\000T\000\300\000I\000\040\000L\000I\036\306\000U\000\040\000T\000H\000A\000M\000\040\000K\000H\036\242\000O}{}% 100
