\BOOKMARK [1][-]{section.0.1}{\376\377\000G\000i\036\333\000i\000\040\000t\000h\000i\036\307\000u\000\040\000c\000h\001\260\001\241\000n\000g\000\040\000v\000\340\000\040\000y\000\352\000u\000\040\000c\036\247\000u\000\040\000h\036\307\000\040\000t\000h\036\321\000n\000g}{}% 1
\BOOKMARK [1][-]{section.0.2}{\376\377\000K\000i\036\277\000n\000\040\000t\000r\000\372\000c\000\040\000t\036\325\000n\000g\000\040\000q\000u\000a\000n}{}% 2
\BOOKMARK [1][-]{section.0.3}{\376\377\000T\036\321\000i\000\040\001\260\000u\000\040\000m\000\364\000\040\000h\000\354\000n\000h\000\040\000c\000h\000o\000\040\000t\000h\000i\036\277\000t\000\040\000b\036\313\000\040\000b\000i\000\352\000n}{}% 3
\BOOKMARK [2][-]{subsection.0.3.1}{\376\377\000X\000u\036\245\000t\000\040\000O\000N\000N\000X}{section.0.3}% 4
\BOOKMARK [2][-]{subsection.0.3.2}{\376\377\000L\001\260\036\343\000n\000g\000\040\000t\036\355\000\040\000h\000\363\000a\000\040\000I\000N\000T\0008\000\040\001\021\036\331\000n\000g\000\040\000\050\000M\000a\000t\000M\000u\000l\000/\000G\000e\000m\000m\000\051}{section.0.3}% 5
\BOOKMARK [2][-]{subsection.0.3.3}{\376\377\000O\000N\000N\000X\000\040\000R\000u\000n\000t\000i\000m\000e\000\040\000t\000r\000\352\000n\000\040\000P\000i\000\040\0005\000\040\000v\000\340\000\040\000b\000e\000n\000c\000h\000m\000a\000r\000k}{section.0.3}% 6
\BOOKMARK [1][-]{section.0.4}{\376\377\000P\000h\000\342\000n\000\040\000h\036\307\000\040\000t\000h\000u\000\040\000n\000h\036\255\000n\000\040\000v\000\340\000\040\000t\000h\000i\036\277\000t\000\040\000b\036\313\000\040\000\050\000R\000a\000s\000p\000b\000e\000r\000r\000y\000\040\000P\000i\000\040\0005\000\051}{}% 7
\BOOKMARK [2][-]{subsection.0.4.1}{\376\377\000P\000h\036\247\000n\000\040\000c\036\351\000n\000g}{section.0.4}% 8
\BOOKMARK [2][-]{subsection.0.4.2}{\376\377\000D\000r\000i\000v\000e\000r\000\040\000A\000D\000S\0001\0002\0009\0003}{section.0.4}% 9
\BOOKMARK [2][-]{subsection.0.4.3}{\376\377\000X\036\355\000\040\000l\000\375\000\040\000t\000h\036\335\000i\000\040\000g\000i\000a\000n\000\040\000t\000h\036\361\000c}{section.0.4}% 10
\BOOKMARK [2][-]{subsection.0.4.4}{\376\377\000G\000i\000a\000o\000\040\000d\000i\036\307\000n\000\040\000m\000o\000n\000i\000t\000o\000r\000\040\001\021\036\247\000u\000\040\000g\000i\001\260\036\335\000n\000g}{section.0.4}% 11
\BOOKMARK [2][-]{subsection.0.4.5}{\376\377\000C\001\241\000\040\000c\000h\036\277\000\040\000d\036\361\000\040\000p\000h\000\362\000n\000g}{section.0.4}% 12
\BOOKMARK [1][-]{section.0.5}{\376\377\000P\000h\000\342\000n\000\040\000h\036\307\000\040\000s\000e\000r\000v\000e\000r\000\040\000v\000\340\000\040\000p\000h\000\342\000n\000\040\000t\000\355\000c\000h\000\040\000l\000\342\000m\000\040\000s\000\340\000n\000g\000\040\000\050\000F\000a\000s\000t\000A\000P\000I\000\040\000+\000\040\000S\000Q\000L\000i\000t\000e\000\051}{}% 13
\BOOKMARK [2][-]{subsection.0.5.1}{\376\377\000G\000i\000a\000o\000\040\000t\000i\036\277\000p\000\040\000W\000e\000b\000S\000o\000c\000k\000e\000t\000\040\000v\000\340\000\040\000x\000\341\000c\000\040\000t\000h\036\361\000c\000\040\000t\000o\000k\000e\000n\000\040\000t\000h\000i\036\277\000t\000\040\000b\036\313}{section.0.5}% 14
\BOOKMARK [2][-]{subsection.0.5.2}{\376\377\001\257\036\333\000c\000\040\000l\001\260\036\343\000n\000g\000\040\000F\000H\000R\000\040\000/\000\040\000M\000H\000R\000\040\000/\000\040\000c\000h\036\311\000\040\000s\036\321\000\040\000c\000h\036\245\000t\000\040\000l\001\260\036\343\000n\000g\000\040\000t\000\355\000n\000\040\000h\000i\036\307\000u}{section.0.5}% 15
\BOOKMARK [2][-]{subsection.0.5.3}{\376\377\000C\036\243\000n\000h\000\040\000b\000\341\000o\000\040\000l\000\342\000m\000\040\000s\000\340\000n\000g}{section.0.5}% 16
\BOOKMARK [2][-]{subsection.0.5.4}{\376\377\000L\001\260\000u\000\040\000t\000r\036\357\000\040\000v\000\340\000\040\000m\000\364\000\040\000h\000\354\000n\000h\000\040\000d\036\357\000\040\000l\000i\036\307\000u}{section.0.5}% 17
\BOOKMARK [1][-]{section.0.6}{\376\377\000P\000h\000\342\000n\000\040\000h\036\307\000\040\000g\000i\000a\000o\000\040\000d\000i\036\307\000n\000\040\000w\000e\000b\000\040\000c\000h\000o\000\040\000b\000\341\000c\000\040\000s\001\051}{}% 18
\BOOKMARK [1][-]{section.0.7}{\376\377\000T\000h\000i\036\277\000t\000\040\000k\036\277\000\040\000c\001\241\000\040\000k\000h\000\355\000\040\000v\000\340\000\040\000v\036\317\000\040\000h\036\331\000p\000\040\000t\000h\000i\036\277\000t\000\040\000b\036\313}{}% 19
\BOOKMARK [1][-]{section.0.8}{\376\377\000K\000i\036\303\000m\000\040\000t\000h\036\355\000\040\000v\000\340\000\040\001\021\000\341\000n\000h\000\040\000g\000i\000\341\000\040\000h\036\307\000\040\000t\000h\036\321\000n\000g}{}% 20
\BOOKMARK [1][-]{section.0.9}{\376\377\000K\036\277\000t\000\040\000l\000u\036\255\000n\000\040\000c\000h\001\260\001\241\000n\000g}{}% 21
